2024-12-17 20:39:18.479 [info] Reading sessions from keychain...
2024-12-17 20:39:18.517 [info] Getting sessions for all scopes...
2024-12-17 20:39:18.517 [info] Got 0 sessions for ...
2024-12-17 20:39:18.517 [info] Getting sessions for all scopes...
2024-12-17 20:39:18.517 [info] Got 0 sessions for ...
2024-12-17 20:39:18.518 [info] Getting sessions for all scopes...
2024-12-17 20:39:18.518 [info] Got 0 sessions for ...
2024-12-17 20:39:18.518 [info] Getting sessions for all scopes...
2024-12-17 20:39:18.518 [info] Got 0 sessions for ...
2024-12-17 20:39:18.518 [info] Getting sessions for all scopes...
2024-12-17 20:39:18.518 [info] Got 0 sessions for ...
2024-12-17 20:39:18.518 [info] Getting sessions for all scopes...
2024-12-17 20:39:18.518 [info] Got 0 sessions for ...
2024-12-17 20:39:18.518 [info] Getting sessions for all scopes...
2024-12-17 20:39:18.518 [info] Got 0 sessions for ...
2024-12-17 20:39:18.518 [info] Getting sessions for all scopes...
2024-12-17 20:39:18.518 [info] Got 0 sessions for ...
2024-12-17 20:39:28.570 [info] Getting sessions for project,read:org,read:user,repo,user:email,workflow...
2024-12-17 20:39:28.570 [info] Got 0 sessions for project,read:org,read:user,repo,user:email,workflow...
2024-12-17 20:39:28.574 [info] Getting sessions for read:user,repo,user:email,workflow...
2024-12-17 20:39:28.574 [info] Got 0 sessions for read:user,repo,user:email,workflow...
2024-12-17 20:39:28.582 [info] Getting sessions for read:user,repo,user:email...
2024-12-17 20:39:28.582 [info] Got 0 sessions for read:user,repo,user:email...
2024-12-17 20:39:28.597 [info] Getting sessions for read:user,repo,user:email,workflow...
2024-12-17 20:39:28.597 [info] Got 0 sessions for read:user,repo,user:email,workflow...
