2024-12-17 20:41:50.356 [info] Reading sessions from keychain...
2024-12-17 20:41:50.356 [info] Getting sessions for all scopes...
2024-12-17 20:41:50.356 [info] Getting sessions for all scopes...
2024-12-17 20:41:50.356 [info] Getting sessions for all scopes...
2024-12-17 20:41:50.356 [info] Got 0 sessions for ...
2024-12-17 20:41:50.356 [info] Got 0 sessions for ...
2024-12-17 20:41:50.356 [info] Got 0 sessions for ...
2024-12-17 20:41:50.356 [info] Getting sessions for all scopes...
2024-12-17 20:41:50.356 [info] Got 0 sessions for ...
2024-12-17 20:41:50.356 [info] Getting sessions for all scopes...
2024-12-17 20:41:50.356 [info] Got 0 sessions for ...
2024-12-17 20:41:50.357 [info] Getting sessions for all scopes...
2024-12-17 20:41:50.357 [info] Got 0 sessions for ...
2024-12-17 20:41:50.357 [info] Getting sessions for all scopes...
2024-12-17 20:41:50.357 [info] Got 0 sessions for ...
2024-12-17 20:41:50.357 [info] Getting sessions for all scopes...
2024-12-17 20:41:50.357 [info] Got 0 sessions for ...
2024-12-17 20:42:00.002 [info] Getting sessions for project,read:org,read:user,repo,user:email,workflow...
2024-12-17 20:42:00.002 [info] Got 0 sessions for project,read:org,read:user,repo,user:email,workflow...
2024-12-17 20:42:00.007 [info] Getting sessions for read:user,repo,user:email,workflow...
2024-12-17 20:42:00.007 [info] Got 0 sessions for read:user,repo,user:email,workflow...
2024-12-17 20:42:00.010 [info] Getting sessions for read:user,repo,user:email...
2024-12-17 20:42:00.011 [info] Got 0 sessions for read:user,repo,user:email...
2024-12-17 20:42:00.014 [info] Getting sessions for read:user,repo,user:email,workflow...
2024-12-17 20:42:00.014 [info] Got 0 sessions for read:user,repo,user:email,workflow...
