2024-12-17 20:40:06.749 [info] Reading sessions from keychain...
2024-12-17 20:40:06.749 [info] Getting sessions for all scopes...
2024-12-17 20:40:06.749 [info] Got 0 sessions for ...
2024-12-17 20:40:06.749 [info] Getting sessions for all scopes...
2024-12-17 20:40:06.749 [info] Got 0 sessions for ...
2024-12-17 20:40:06.749 [info] Getting sessions for all scopes...
2024-12-17 20:40:06.749 [info] Got 0 sessions for ...
2024-12-17 20:40:06.749 [info] Getting sessions for all scopes...
2024-12-17 20:40:06.749 [info] Got 0 sessions for ...
2024-12-17 20:40:06.749 [info] Getting sessions for all scopes...
2024-12-17 20:40:06.755 [info] Got 0 sessions for ...
2024-12-17 20:40:06.757 [info] Getting sessions for all scopes...
2024-12-17 20:40:06.757 [info] Got 0 sessions for ...
2024-12-17 20:40:06.757 [info] Getting sessions for all scopes...
2024-12-17 20:40:06.757 [info] Got 0 sessions for ...
2024-12-17 20:40:06.757 [info] Getting sessions for all scopes...
2024-12-17 20:40:06.757 [info] Got 0 sessions for ...
2024-12-17 20:40:10.951 [info] Getting sessions for project,read:org,read:user,repo,user:email,workflow...
2024-12-17 20:40:10.951 [info] Got 0 sessions for project,read:org,read:user,repo,user:email,workflow...
2024-12-17 20:40:11.089 [info] Getting sessions for read:user,repo,user:email,workflow...
2024-12-17 20:40:11.089 [info] Got 0 sessions for read:user,repo,user:email,workflow...
2024-12-17 20:40:11.092 [info] Getting sessions for read:user,repo,user:email...
2024-12-17 20:40:11.092 [info] Got 0 sessions for read:user,repo,user:email...
2024-12-17 20:40:11.095 [info] Getting sessions for read:user,repo,user:email,workflow...
2024-12-17 20:40:11.095 [info] Got 0 sessions for read:user,repo,user:email,workflow...
